36
SlidesNextv2
JenZ PhilippH 
StreamXv9
LarryO 
CastOSProv6
BakhodirD 
ShoppingProv8
FionaN PhilippI 
ExploreUltrav8
BakhodirD ClementM SundarL PrabhakarR FionaJ SusanQ ClementE 
ChromeNextv7
JenG BakhodirD PhilippY 
ClassroomMaxv2
TatiyanaC SusanQ 
StreamXv6
BakhodirW JenK SergeyN ClementM FionaJ 
DocsNextv2
SundarP MatasC ClementL 
BuildMaxv1
MichalB RuthX NellyY BakhodirG SergeyV 
GameProv3
PhilippY 
ShortsNextv7
FionaF PhilippY HiroshiF 
WearOSLitev5
NellyY BakhodirD TatiyanaC JenK PhilippI 
DaydreamLitev7
SundarH 
MapsProv8
HiroshiW SergeyT BakhodirD 
ConnectLitev9
SundarA 
GameProv6
LarryO SusanQ SergeyT 
ChromeOSLitev3
PhilippP HiroshiW PhilippY 
MarsXv1
HiroshiF FionaJ MichalB MatasH 
FeedBurnerMaxv3
TatiyanaC LarryO 
AndroidTVMaxv5
HiroshiF SundarP PhilippK 
DuoZv2
PhilippY SundarP FionaF 
ResearchXv8
SundarP ClementM BenjaminO MatasC ClementE 
ReleaseUltrav1
ClementT BakhodirD 
SitesSv1
SergeyU ClementL 
SmartSv2
FionaF SundarH PhilippK BenjaminT FionaN 
AndroidAutoZv2
PhilippH JenK PhilippI BakhodirD SergeyU 
StreetViewXv1
TatiyanaC JenK FionaF 
SmartLitev9
JenZ ThomasK PhilippP 
GameLitev8
PhilippP PhilippK MatasW SergeyN 
DuoZv4
ThomasK SundarP LarryX ClementT PhilippK RuthX ThomasM 
MarsLitev5
BakhodirD TatiyanaC 
MarsUltrav8
PhilippI SergeyU SusanQ PhilippP StefanQ BenjaminT RuthX BakhodirG MatasW 
GlassOSLitev9
ClementT PetarF SundarA PhilippK HiroshiF PhilippH 
FuchsiaXv6
SundarL SundarA 
WebserverProv6
PhilippP 
