196
ClassroomProv4
c1161 c641 c740 c676 c331 c145 c184 c1481 c1163 c800 c1075 c956 c799 c48 c23 c1257 c135 c1065 c517 c649 c662 c675 c1383 c865 c1055 c470 c564 c642 c615 c845 c20 c245 c31 c320 c603 c1043 c588 c909 c847 
ChromecastNextv2
c660 c1153 c274 c754 c974 c1372 c310 c629 c999 c1452 c1463 c1124 c19 c672 c95 c121 c1194 c8 c169 c613 c1292 c635 c440 c63 c1476 c921 c691 c385 c1122 c770 c1345 c1499 c1169 c1121 c15 c609 c1088 c824 c562 
ScholarXv7
c73 c1125 c355 c774 c984 c301 c1043 c1282 c1387 c1038 c820 c97 c720 c411 c1294 c478 c1057 c1017 c1429 c89 c1197 c1409 c1144 c686 c652 c987 c1193 c1067 c458 c259 c14 c306 
GameZv2
c340 c1098 c586 c1073 c89 c362 c1209 c561 c989 c928 c654 c311 c220 c1439 c871 c1080 c636 c821 c628 c1362 c851 c299 c153 c524 c63 c727 
ClassroomProv8
c724 c1056 c316 c580 c344 c1491 c1345 c1143 c1352 c61 c1145 c179 c185 c1444 c872 c529 c685 c1092 c1125 c854 c1353 c494 
ReleaseMaxv8
c1024 c1411 c381 c115 c496 c471 c214 c1197 c1102 c1381 c774 c698 c584 c1380 c392 c796 c1106 c502 c644 c200 c567 c953 c481 c1035 c650 c723 
TravelProv9
c1349 c780 c1100 c55 c560 c799 c1296 c439 c949 c999 c436 c204 c1283 c1352 c1048 c680 c1046 c310 c1360 c325 
AssistantSv6
c1265 c78 c1252 c1130 c994 c682 c140 c333 c1205 c1398 c807 c993 c1345 c457 c1055 c755 c26 c950 c1061 c786 c727 c30 c898 c1253 c655 c1277 c1372 c949 c1156 c167 c856 c1197 c1094 c701 c1428 c1111 c1363 c636 c1050 c175 c943 c1324 c76 c623 c664 
LoggingUltrav4
c1046 c438 c326 c334 c1287 c388 c740 c1265 c417 c11 c1029 c1202 c884 c1027 c594 c1466 c1493 c1090 c407 c826 c270 c1094 c454 c818 c632 c537 c95 c1175 c1057 c31 c770 c893 c225 c803 c502 c86 c1229 c261 c489 
MapsUltrav8
c1292 c530 c1227 c687 c754 c7 c1119 c1321 c345 c282 c1221 c241 c1338 c388 c123 c1063 c830 c222 c287 c813 c1093 c875 c949 c466 c553 c18 c658 c34 c1397 c1335 c1385 c1180 c80 c504 c415 c1464 c960 c845 c1101 c1214 c945 c270 c412 c151 c1364 c1439 c1231 c1489 c1423 c204 c325 c962 c122 c518 
ChromecastZv5
c697 c1254 c1169 c558 c3 c424 c1411 c1418 c1134 c501 c1040 c320 c1170 c200 c48 c599 c1361 c41 c1204 c472 c223 c1224 c869 c513 c829 c0 c461 c1324 c1401 c343 c72 c111 c1116 c322 c242 c293 c390 c847 c68 c1070 c530 
SheetsZv6
c258 c280 c1262 c440 c1125 c1200 c1417 c268 c551 c1021 c1301 c1443 c76 c1396 c1469 c80 c570 c601 c1012 c1491 c679 c1062 c1236 c305 c774 c1438 c387 c1313 c286 c397 c833 c583 c706 c382 c300 
ExploreZv2
c334 c257 c183 c298 c77 c884 c722 c165 c1421 c1057 c140 c1020 c1487 c901 c892 c314 c425 c1125 c363 c442 c622 c1127 c1332 c1138 c21 c395 c826 c223 c784 c1300 c283 c1456 c682 c566 c679 c1490 c441 c1467 c924 c66 c1391 c79 c697 c163 c843 c1175 c1217 c1305 c93 c1002 c543 c222 c230 c729 c1291 c1157 c642 
AndroidSv7
c303 c77 c580 c44 c840 c732 c1371 c429 c101 c8 c209 c198 c1321 c1338 c38 c438 c619 c93 c1208 c882 c141 c47 c117 c400 c563 
CastOSXv2
c801 c610 c789 c1358 c283 c333 c791 c221 c967 c122 c606 c582 c537 c1332 c387 c1297 c56 c1291 c968 c1418 c538 c721 
ChromeSv2
c862 c1340 c373 c515 c97 c555 c749 c721 c421 c1352 c1247 c349 c579 c1302 c416 c296 c136 c249 c923 c23 c535 c337 c366 c327 c1373 c551 c265 c1324 c1004 c941 c1432 c871 c1361 c1139 c926 c532 c943 c169 c1286 c1213 c958 c518 c829 c559 c1207 c896 c1350 c1166 c319 c804 c1448 c1288 
ImagesSv4
c1006 c1096 c968 c533 c373 c1223 c148 c928 c1127 c368 c294 c661 c257 c889 c1015 c960 c582 c717 c1083 c184 c584 c1480 c696 c1108 c704 c1396 c183 c881 c360 c40 c625 c1172 c111 c945 c908 c839 c527 c382 c137 c346 c831 c1245 c94 c878 c1419 c1056 c1239 c323 c793 c1287 c553 c809 c1102 
BooksUltrav6
c801 c31 c756 c331 c531 c691 c771 c1017 c745 c702 c838 c903 c161 c348 c1086 c1450 c1292 c787 c204 c920 c1383 c226 c174 c296 c346 c427 c1374 c512 c1491 c783 c1310 c937 c325 c848 c68 c198 c1029 c1350 c769 c633 c1434 c1408 c247 c592 c1170 c1315 c1297 c1416 c318 c798 c1129 c559 c555 c526 c588 c544 
BooksXv3
c835 c211 c599 c346 c263 c666 c627 c407 c506 c409 c496 c875 c102 c1142 c1103 c247 c946 c1456 c712 c84 
AlertsZv3
c442 c1059 c425 c182 c453 c518 c961 c1212 c36 c983 c1064 c96 c694 c235 c835 c155 c4 c562 c617 c537 c995 c548 
FormsProv2
c822 c571 c516 c419 c81 c1183 c797 c143 c189 c212 c1195 c627 c1196 c660 c729 c414 c12 c943 c810 c706 c741 c175 
StreamXv2
c30 c1331 c1268 c498 c261 c97 c739 c1027 c882 c235 c1118 c1461 c792 c1424 c908 c1110 c518 c656 c376 c186 c954 c540 c737 c367 c838 c1426 c1036 c596 c719 c859 c580 c412 c695 c1379 c760 c1013 c288 c569 c1181 c1150 c686 c337 c1198 c24 c1064 c12 c683 c674 c321 c767 c696 c913 c33 c263 c1480 c1246 c641 c508 c1096 
StreamZv6
c1206 c1373 c209 c1369 c1215 c129 c52 c1397 c228 c252 c605 c447 c1004 c235 c869 c197 c1356 c28 c850 c1120 c795 c541 c1311 c1006 c1235 c1442 c818 c582 c1457 c1136 c353 c383 c128 c595 c469 c852 c977 c17 c130 c560 c153 c1388 c240 c886 c1280 c792 c12 c163 c441 c53 c880 c472 c1350 c1216 
SmartLitev2
c808 c372 c1152 c655 c359 c651 c190 c780 c1100 c639 c566 c1307 c215 c1444 c1305 c1319 c981 c935 c1178 c1228 c797 c456 c1150 c1045 c92 c687 
FormsNextv5
c797 c1172 c957 c1153 c1290 c1016 c527 c846 c1074 c432 c759 c697 c1099 c1365 c1118 c155 c264 c279 c892 c1163 c967 c1449 c1156 c1256 c411 c574 c817 c1438 c1194 c612 c1046 c991 c1292 c744 c1116 c851 c1260 c343 c320 c185 c1445 c398 c1379 c1470 c1219 c491 c1049 c1033 c486 c625 c602 c615 c1251 c278 c898 
SitesUltrav3
c347 c756 c477 c1483 c41 c781 c516 c1423 c1353 c1176 c3 c1469 c337 c1316 c1399 c202 c779 c844 c198 c907 c455 c51 c171 c363 c1378 c1326 c133 c83 c289 c56 c248 c1151 c960 c1276 c278 c1166 c1325 c600 c1400 c1376 c829 c1461 c700 c580 c339 c1234 c1299 
ConnectNextv4
c718 c733 c1176 c15 c502 c217 c479 c1117 c545 c1151 c1318 c341 c521 c361 c568 c165 c1353 c533 c1089 c559 c742 c995 c637 c657 c583 c1392 c239 c489 c365 c56 c943 c1182 c1010 c1095 c1199 c396 c1319 c7 c898 c840 
VoiceLitev9
c420 c144 c95 c994 c188 c1338 c450 c1085 c429 c1295 c75 c1174 c850 c111 c1211 c1344 c669 c1439 c1346 c754 c1429 c250 c1362 c142 c421 c707 c1464 c839 c1466 c914 
PhotoZv5
c701 c213 c414 c1211 c766 c1237 c1493 c884 c180 c193 c1316 c1181 c707 c1080 c833 c1157 c150 c129 c603 c266 c100 c1312 c1027 c751 c1343 c630 c47 c1064 c937 c1286 
SitesXv7
c908 c401 c1232 c412 c388 c628 c404 c446 c394 c1275 c1367 c920 c149 c538 c121 c304 c1395 c434 c107 c686 c415 c454 c977 c42 
PixelMaxv2
c59 c471 c511 c943 c842 c1279 c1358 c148 c1344 c425 c749 c1192 c879 c234 c641 c1476 c531 c1209 c572 c867 c602 c1341 c829 c1008 c724 c297 c1000 c309 c84 c996 c951 c1153 c386 c1248 c250 c627 c319 c993 c287 c1436 c1142 c187 c1177 
ReleaseZv9
c1351 c677 c303 c634 c1416 c1385 c414 c259 c1059 c693 c744 c561 c1473 c821 c673 c834 c1067 c1186 c533 c1184 c204 c589 c817 c1398 c931 c648 c919 c959 c716 c1105 c1316 c854 c1096 c417 c678 c658 c1450 c92 c1210 c454 c1433 c539 c1366 c1177 c766 c513 c41 c335 c1357 
AndroidAutoUltrav1
c29 c929 c557 c181 c385 c525 c453 c733 c278 c291 c990 c397 c824 c860 c369 c835 c932 c1245 c218 c734 c72 c35 c342 c330 c985 c160 c1271 c433 c303 c1360 c105 c481 c1214 c1076 c1187 c788 c416 
AndroidLitev9
c1488 c1406 c386 c188 c1469 c459 c1191 c1092 c650 c275 c413 c1468 c1343 c938 c1451 c264 c1478 c890 c498 c1419 c1248 c1253 c1086 c1171 c1282 c78 c1303 
LearnProv6
c82 c350 c353 c1141 c667 c1271 c462 c279 c730 c1296 c966 c53 c971 c878 c48 c622 c500 c50 c498 c495 c624 c510 c662 c1100 c231 c856 c378 c897 c1444 c964 c854 c747 c738 c652 c170 c269 c387 c825 c530 c699 c1067 c97 c1317 c724 c571 c814 c1491 c819 c1389 c224 
DrawingsLitev8
c389 c817 c1001 c230 c1096 c627 c245 c13 c672 c981 c1032 c826 c906 c544 c1483 c1496 c1277 c970 c1332 c5 c1199 c615 c1240 c1338 c1138 c509 c717 c1053 c788 c553 c132 c800 c1028 c54 c222 c891 c693 c1181 c106 c1389 c1174 c811 c187 c1253 c856 c240 c790 c1115 c736 c831 c611 c797 c1365 c1169 
TranslateNextv9
c1287 c876 c1456 c418 c1217 c993 c1382 c767 c652 c1237 c666 c162 c397 c1157 c900 c210 c197 c342 c1441 c1184 c1317 c585 c768 c406 c1412 c359 c247 c107 c956 
BloggerNextv6
c742 c625 c617 c489 c608 c1404 c1256 c1268 c152 c559 c134 c798 c194 c139 c592 c1473 c860 c1317 c572 c478 c469 c763 c301 c8 c1233 c918 c1167 c723 c898 c548 c1174 
ArtsZv2
c252 c1293 c277 c1360 c741 c1313 c1009 c762 c858 c198 c874 c220 c354 c1106 c224 c914 c1309 c716 c396 c1125 c1051 c268 c1362 c214 c1484 c1149 c934 c1246 c125 c131 c247 c942 c1433 c112 c355 c34 c361 c982 c561 c170 c1259 c1016 c431 c1470 c1391 c804 c271 c1013 c842 c1156 c73 c406 c232 c965 c635 c752 c126 c1202 
ChromecastSv2
c1012 c511 c852 c133 c1134 c189 c160 c514 c271 c244 c1314 c725 c1231 c1418 c714 c268 c532 c750 c161 c1477 c1373 c626 c353 c726 c1371 c923 c109 c228 c643 c1255 c452 c1101 c851 c132 c1385 c1479 c709 c1421 c893 c478 c157 c1440 c526 c347 c556 c614 c139 c1256 c1019 c1230 c274 
DatasetSearchNextv3
c1085 c732 c1054 c1333 c527 c1390 c483 c779 c1384 c664 c1159 c117 c415 c1083 c433 c1293 c458 c8 c1208 c1358 c403 c419 c360 c1097 c426 c571 c236 c124 c821 c599 c45 c1380 c1432 c1342 c22 
NewsZv2
c150 c545 c509 c669 c992 c983 c1468 c308 c840 c83 c644 c1117 c228 c468 c1322 c3 c1191 c1055 c245 c306 c511 c1009 c1203 c441 c305 c208 c904 c19 c407 c675 c1430 c779 
WebserverMaxv3
c508 c1460 c318 c1198 c1219 c708 c97 c440 c82 c160 c1048 c193 c473 c1499 c397 c419 c1430 c296 c46 c1484 c1477 c169 c937 c125 c1434 c38 c237 c544 c499 c598 c997 
SlidesXv7
c262 c608 c1142 c900 c240 c1281 c237 c79 c256 c1300 c1416 c1180 c23 c490 c1353 c895 c236 c504 c164 c250 c1042 c1195 c993 c1007 c1380 c818 c880 c603 c1497 c124 c221 c967 c1115 c934 c1448 c657 c216 c610 c735 c717 c391 c118 c1405 c1261 c373 c1232 c1338 c1110 c1384 c1164 c76 c1359 c1199 c144 
PatentsLitev7
c46 c369 c955 c858 c1026 c1234 c551 c614 c1017 c448 c71 c231 c285 c536 c975 c960 c578 c1393 c757 c1342 c1399 c574 c608 c835 c1010 c68 c527 c1049 c1330 c1287 c1491 c244 c1071 c996 c1163 c1313 c646 c32 c5 c1428 c16 c459 c80 c245 c511 c442 c720 c1307 
SlidesZv6
c1322 c142 c153 c472 c422 c891 c1206 c1487 c1341 c665 c398 c725 c936 c224 c225 c132 c327 c1422 c1270 c1113 c1191 c1494 c355 c58 c57 c99 c329 c1180 c1144 c393 c1076 c1003 c1439 c219 c1337 c628 c1101 c976 c65 c742 c277 
PatentsLitev8
c408 c1283 c339 c1473 c812 c591 c1241 c703 c514 c782 c681 c919 c426 c414 c247 c680 c90 c1342 c174 c308 c957 c1182 c1023 c1472 c292 c713 c16 c1037 c176 c165 c1173 c923 c994 c841 c1243 c422 c816 c1406 c852 c120 c1126 c331 c737 c842 c1266 c624 c311 c509 c162 
SantaTrackerSv6
c328 c1445 c1462 c551 c739 c1287 c589 c1231 c192 c222 c941 c1344 c908 c1020 c89 c1424 c710 c983 c1066 c236 c1193 c887 c1404 c270 c1114 c776 c845 c173 c1071 c1045 c1118 
CurrentsXv5
c205 c100 c1440 c767 c543 c712 c1141 c402 c1305 c1131 c1235 c1182 c831 c23 c1238 c1107 c1175 c504 c422 c481 c970 c1262 c855 c1143 c196 c142 c801 c1218 c287 c180 c762 c1104 c724 c1307 c330 
NewsZv4
c104 c1312 c572 c317 c1198 c22 c639 c103 c1280 c1408 c976 c298 c913 c1492 c588 c397 c282 c135 c516 c722 c923 c969 c592 c240 c635 c673 c1020 c1044 c1399 c566 c1293 c711 c54 c1337 c331 c756 c232 c1299 c343 c1309 c744 c794 c336 c574 c272 c1225 c1210 c1118 c1059 c943 
ShoppingUltrav8
c1132 c249 c1176 c1400 c372 c103 c979 c1105 c1073 c1434 c1320 c964 c473 c577 c419 c1187 c223 c490 c1488 c1155 c195 c757 c865 c267 c701 c785 
MarsProv2
c669 c1104 c1136 c939 c427 c591 c221 c261 c348 c1079 c72 c1370 c767 c1114 c950 c344 c134 c444 c978 c952 c1441 c795 c13 c154 c787 c1252 c1468 c364 c1196 c265 c1176 c6 c879 c840 
PhotoNextv6
c1269 c1007 c1489 c32 c999 c1073 c263 c549 c598 c1405 c661 c862 c1484 c1208 c326 c460 c855 c1324 c986 c1407 c306 
LoggingUltrav9
c1058 c332 c967 c696 c217 c1363 c475 c1441 c255 c313 c540 c1499 c581 c1446 c376 c1094 c1421 c334 c1486 c233 
ShoppingUltrav6
c779 c707 c334 c1019 c1124 c321 c975 c1464 c1223 c1129 c1171 c785 c377 c1122 c651 c905 c49 c515 c226 c803 c813 c641 c153 c1304 c1313 c364 c107 c1438 c622 c1422 c110 c233 c1440 c741 c660 c434 c700 c374 c555 c136 c528 c1048 c1005 c1179 c479 
StreamUltrav2
c1198 c1492 c900 c828 c876 c1195 c1075 c328 c131 c638 c1471 c709 c997 c435 c573 c1368 c1250 c902 c404 c99 c805 c646 c823 c305 c1410 c203 c82 c875 c499 c855 c175 c507 c221 c373 c809 c281 c922 c610 c950 c255 c382 c894 c310 c624 c476 c852 
WebserverZv3
c933 c397 c245 c668 c354 c1319 c466 c1083 c157 c71 c1076 c417 c136 c1296 c772 c387 c88 c850 c1263 c216 c449 c508 c84 c1349 c1155 c735 c1241 c1278 c197 c396 c461 c1352 c822 c55 c866 c1041 c40 c94 c1433 c587 c521 c639 c1244 c1082 c483 
AndroidMaxv2
c145 c802 c1428 c342 c1228 c275 c568 c1215 c190 c1400 c1389 c1442 c302 c1124 c1356 c1193 c827 c1201 c1453 c297 c594 c1183 c1242 c1057 c851 c1148 c194 c702 c710 c1485 c327 c503 c1135 c415 c562 c230 c584 c637 c280 c537 
MapsLitev1
c180 c1226 c1340 c794 c683 c96 c259 c1279 c536 c656 c1319 c548 c80 c723 c315 c1377 c410 c996 c1299 c575 c5 c998 c1403 
MapsZv4
c1401 c285 c33 c211 c322 c1291 c69 c465 c837 c562 c186 c1 c748 c92 c570 c1272 c61 c185 c1442 c227 c776 c1481 c1472 c113 c149 c414 c541 c1213 c937 c451 c76 c1247 c810 c693 c946 c425 c1283 c1146 c86 
CurrentsLitev2
c411 c1070 c244 c1448 c168 c416 c51 c351 c888 c747 c837 c384 c248 c1262 c268 c907 c171 c99 c927 c505 c767 c161 c197 c344 c1276 c715 c952 c959 c900 c1031 c38 c370 c866 c302 c488 c96 
AndroidTVSv9
c512 c40 c321 c469 c989 c1261 c1444 c29 c93 c585 c1145 c1197 c754 c848 c1314 c49 c1048 c443 c723 c1277 c613 c144 c220 
FinanceLitev1
c14 c1028 c636 c1078 c1264 c50 c894 c1394 c689 c1143 c816 c751 c734 c148 c57 c1166 c378 c928 c1173 c130 c1354 c86 c1236 c978 c87 c769 c463 c434 c1032 c730 c837 c372 c1224 c1072 
LoggingProv9
c503 c899 c127 c1305 c64 c1219 c822 c1113 c98 c1375 c478 c1401 c1288 c573 c457 c123 c738 c1381 c391 c1403 c1355 c154 c1081 c346 c47 c465 c299 c1069 c1341 c663 c21 c1325 c794 c1052 c594 c167 c101 c147 c605 c27 c506 c120 c672 c1326 c510 c171 
CurrentsUltrav6
c522 c1307 c731 c911 c1393 c1228 c277 c558 c68 c1312 c593 c1064 c1476 c788 c987 c1074 c229 c1486 c179 c201 c1043 c339 c314 c141 c1402 c1222 c1267 c1491 c1196 c763 c1334 c400 c996 c451 c178 c1369 c521 c125 c321 c1060 c313 c1167 c8 c713 c1001 c594 c1122 c605 c3 c635 c17 c19 
CurrentsXv7
c460 c587 c1148 c351 c27 c385 c40 c845 c977 c212 c1458 c1081 c1384 c1460 c601 c1298 c481 c250 c1255 c251 c754 c1335 c28 c1137 c1342 c253 c35 c1465 c435 c917 c976 c187 c235 c955 c911 c666 c236 c1430 c1240 c1204 c1222 c95 c1311 c1395 c299 c708 c1177 c76 c639 
NewsXv4
c255 c546 c421 c1093 c1090 c553 c1282 c540 c1080 c1098 c257 c1242 c533 c818 c1280 c947 c879 c761 c654 c67 c965 c779 c1263 c959 c500 c570 c1146 c1256 c1465 c714 c359 c1051 c926 c50 c1387 c523 c1192 c564 c954 c781 
SitesMaxv7
c68 c19 c1306 c1041 c729 c693 c1282 c1197 c43 c1368 c1382 c853 c370 c903 c2 c1131 c588 c1205 c940 c666 c1265 c919 c194 c1235 c109 c1194 c1497 c840 c811 c947 c1068 c788 c165 c1117 c1049 c191 c938 c927 c776 c717 c1433 c869 c1181 c899 c1460 c1270 c1434 c515 c1273 c342 c406 c1182 c1038 c808 c851 c61 
MarsNextv7
c732 c10 c1274 c608 c1226 c848 c1160 c128 c584 c1363 c642 c391 c558 c1079 c325 c495 c657 c96 c547 c556 c358 c194 c316 c288 c310 c1317 c1090 
DocsZv8
c352 c1066 c763 c109 c1445 c900 c621 c241 c888 c1452 c318 c718 c1108 c966 c945 c864 c1269 c1410 c251 c1185 c1012 c74 c1006 c1368 c594 c449 c838 c1393 c44 c243 
AndroidSv3
c1390 c1164 c1138 c1014 c1395 c897 c928 c757 c487 c514 c60 c681 c1166 c1002 c989 c209 c874 c63 c1255 c367 c488 c1062 c739 c645 c1015 c307 c395 c151 c915 c112 c83 c65 c650 c1368 c914 c143 c946 c904 c1216 c1346 c520 c812 c1039 c73 c1478 c895 c217 c371 
PhotoSv9
c1210 c579 c564 c375 c1195 c955 c230 c878 c643 c1377 c234 c160 c193 c656 c447 c1011 c298 c715 c786 c1302 c1388 c953 c1289 c770 c410 c336 c590 c92 c544 c762 c1376 c400 c532 c1131 c388 c443 c478 c1264 c550 c1188 c324 c1304 c1454 c495 c26 c1165 c333 c468 c58 c1095 c1492 c1249 c825 
CalendarProv8
c118 c1056 c918 c1139 c737 c1411 c1304 c805 c1499 c579 c1028 c115 c1288 c893 c1030 c819 c1223 c1069 c733 c275 c1119 
YouTubeMaxv8
c477 c839 c192 c190 c611 c88 c621 c1447 c1421 c953 c809 c284 c781 c862 c308 c720 c502 c270 c489 c306 c12 c1212 c344 c468 c1479 c1214 c1168 c1281 c1337 c1293 c526 c492 c1367 c1024 c514 c126 c428 c353 c616 
FlightsSv2
c329 c736 c569 c26 c1301 c485 c1093 c690 c1413 c327 c291 c276 c240 c1008 c1 c1130 c166 c1266 c303 c853 c113 c439 c1103 c267 c1251 c1183 c211 c850 c281 c1409 c1041 c432 c1410 c91 c370 c1058 c961 c108 c881 c978 c1063 c315 c945 c164 c545 c860 c1019 c728 
StadiaProv2
c1061 c976 c1306 c393 c504 c176 c127 c62 c1185 c380 c75 c1205 c251 c1304 c199 c862 c558 c944 c1071 c1359 c420 c969 c1427 c597 c289 c513 c1474 c1276 c992 
DaydreamProv6
c337 c195 c971 c1336 c793 c934 c619 c1439 c442 c1292 c122 c753 c1476 c1217 c1426 c844 c1034 c574 c1011 c886 c206 c956 c930 c1297 c289 c1293 c70 c462 c714 c571 c519 c1379 c452 c223 c1201 c389 c1318 c298 c892 c1177 c1071 c598 c1458 c963 c1345 c674 c1226 c256 c823 c830 c106 c757 c409 c483 c1304 c884 c1329 c640 
SitesProv9
c107 c1291 c536 c1328 c147 c1119 c293 c483 c603 c416 c787 c652 c1089 c446 c875 c109 c252 c309 c1498 c1132 c512 c505 c1155 c1462 c941 c440 c561 c272 c1251 c959 c254 c17 c411 c1425 c1471 c626 c155 c386 c137 c500 c630 
SearchNextv4
c1438 c1446 c195 c572 c853 c387 c332 c1000 c355 c641 c579 c1237 c181 c1105 c1173 c1229 c1030 c1407 c1158 c93 c1027 c382 c1493 c274 c615 c1002 c138 
DataMaxv3
c499 c628 c1293 c1225 c774 c470 c114 c1333 c1014 c1193 c1348 c181 c1125 c582 c702 c1480 c537 c662 c1327 c606 c1214 c100 c466 c709 c1331 c185 c210 
StorageUltrav2
c1213 c827 c963 c638 c1077 c7 c1034 c1108 c1268 c271 c1225 c203 c554 c668 c258 c1085 c579 c455 c1313 c1165 c621 c1423 c469 c323 c396 c782 c1321 c151 c975 c1272 c765 c111 c233 c87 c641 c719 c653 c366 c1214 c1420 
VoiceXv4
c1333 c1010 c813 c375 c586 c670 c1271 c594 c267 c659 c1187 c784 c693 c1395 c827 c1453 c471 c1038 c925 c896 c195 c7 c1172 c630 c334 c124 c1171 c225 c1287 c114 c395 c905 c1111 c597 c1057 c1302 c753 c132 c383 c108 c272 c980 c1203 c23 c629 
CastOSUltrav6
c718 c1217 c965 c453 c227 c1189 c430 c982 c676 c1239 c674 c1420 c1194 c1478 c1114 c1053 c711 c575 c1434 c736 c380 c81 c290 c815 c2 c651 c274 c1309 c913 c182 c798 c15 c926 c852 
KeepNextv5
c894 c380 c196 c559 c490 c789 c962 c1014 c1239 c622 c1357 c496 c775 c8 c887 c643 c1347 c430 c933 c556 c1439 c383 c672 c916 c1020 c1381 c642 c981 c582 c242 c868 c1430 c477 
SkyXv9
c1284 c476 c783 c1233 c88 c813 c66 c273 c557 c1190 c1075 c846 c475 c858 c1392 c1234 c1003 c551 c470 c1202 c49 c220 c1481 c62 c339 c1451 c910 c1012 c1123 c1255 c758 c39 c630 c968 c1318 c754 c1301 c882 c1079 c658 c1211 c721 c1369 c301 c687 c46 c491 c933 c1077 c4 
VoiceNextv7
c822 c74 c389 c871 c114 c942 c489 c357 c379 c1050 c1074 c1157 c1152 c1262 c9 c1161 c558 c411 c540 c1204 c987 c680 c173 c742 c444 c819 c1443 c1094 c1336 c1417 c921 c300 c39 c450 
ImagesNextv7
c287 c1016 c894 c558 c123 c938 c1474 c216 c453 c1443 c1167 c552 c903 c951 c1162 c262 c338 c1479 c988 c599 c1344 c17 c557 c142 c716 c218 c1374 c1178 c192 c607 c451 c285 c197 c676 c21 c1133 c1150 c946 c316 c433 c115 c884 c1151 c726 c1436 c334 c971 c839 c261 c47 c940 c1327 c303 c253 c566 c15 c960 
DuoProv6
c1372 c1118 c810 c1152 c55 c597 c657 c1021 c1344 c824 c1085 c987 c1072 c755 c1128 c1146 c1396 c399 c1225 c297 c9 c1447 
ChromecastNextv4
c1143 c795 c30 c1048 c865 c1110 c929 c935 c1016 c144 c582 c904 c792 c1341 c1370 c4 c1434 c524 c867 c1491 c746 c1111 c1151 c391 c653 c1415 c1475 c592 c51 c1270 c303 c581 c1025 c65 c381 c1383 c711 c56 c260 c674 c1193 c1469 c105 c1319 c759 c766 c990 c78 c1188 c1107 c145 c1488 c937 c654 c1124 c1123 c1173 c461 c440 
MapsXv8
c102 c1296 c159 c1102 c115 c1117 c1308 c1440 c163 c393 c932 c122 c390 c691 c1193 c271 c1337 c192 c970 c930 c618 c1124 c731 c16 c785 c786 c644 
DaydreamSv6
c1475 c509 c455 c595 c1042 c1017 c1374 c815 c559 c324 c1097 c743 c687 c1493 c1045 c479 c980 c1117 c1266 c240 c34 c354 c593 c424 c830 c1448 c1220 c1260 c836 c282 c156 c1290 c1358 c814 c734 c272 c403 c786 c438 c309 c1407 c834 c900 c440 c1146 c618 c195 c1255 c962 
MapsSv2
c451 c925 c698 c1068 c146 c1197 c565 c953 c172 c178 c917 c631 c1394 c1414 c271 c649 c169 c476 c1315 c283 c205 c1348 c350 c58 c546 c473 c608 c318 c159 c590 c861 c1139 c1390 c486 c584 
FuchsiaSv8
c1486 c1184 c391 c185 c1279 c433 c559 c1350 c438 c537 c226 c1229 c160 c1212 c27 c1053 c498 c1142 c872 c298 c809 c1273 c490 
SkyUltrav9
c728 c1308 c586 c1142 c638 c56 c237 c837 c927 c569 c383 c1084 c453 c1035 c254 c318 c250 c431 c215 c87 c769 c1124 
ChromeProv4
c1101 c731 c981 c257 c49 c1377 c1485 c977 c1435 c906 c1334 c1497 c243 c631 c448 c145 c1086 c1002 c644 c397 c836 c430 c767 c253 c1199 c1331 c676 c247 c546 c811 c726 c912 c344 c227 c928 c119 c442 c1201 c1314 c458 c146 
VoiceProv4
c208 c42 c752 c47 c238 c1087 c961 c81 c202 c835 c531 c351 c121 c1465 c1404 c974 c541 c350 c75 c447 c1382 c1120 c1122 c1076 c717 c1259 c979 c635 c603 c1446 c129 c1349 c421 c1448 c994 
OsZv8
c737 c352 c1362 c289 c542 c722 c1137 c1431 c604 c853 c88 c1398 c519 c868 c11 c1052 c1348 c29 c525 c1065 c384 c802 c306 c408 c1346 c133 c1412 c605 c225 c568 c1164 c380 c633 c1273 c864 c59 c1001 c192 c1054 c18 c1229 c692 c982 c231 c141 c1263 c16 c576 c1445 c517 c1149 c665 c1414 c763 c974 c485 
FuchsiaLitev1
c1178 c576 c853 c618 c1082 c233 c94 c1380 c109 c1279 c1474 c547 c293 c575 c1060 c663 c187 c484 c1018 c385 c695 c1150 c1193 c139 c152 c355 c526 c627 c25 c891 c805 c345 c616 c18 c1423 c463 c81 c684 c731 
DriveNextv5
c1339 c802 c1243 c1298 c319 c64 c307 c264 c208 c987 c907 c187 c1013 c806 c253 c30 c997 c633 c483 c1452 c896 c1295 c75 c191 c1408 c831 c915 c449 c40 c1147 c357 c993 c833 c548 
FinanceProv4
c547 c21 c338 c786 c300 c598 c857 c953 c637 c1036 c690 c981 c922 c534 c546 c467 c403 c71 c529 c1030 c85 c1053 
SantaTrackerLitev5
c1308 c552 c391 c786 c1199 c169 c1330 c431 c861 c1350 c1498 c372 c281 c889 c1137 c667 c694 c177 c1225 c720 c965 c1444 c719 c1294 c1290 c985 c352 c789 c1152 c750 c305 c401 c1305 c865 c338 c791 c559 c301 c854 c1174 c771 c257 c366 c1306 c340 
DaydreamZv6
c1209 c1297 c1247 c1379 c1244 c859 c1180 c866 c404 c787 c688 c1412 c1068 c722 c604 c700 c708 c792 c1187 c161 c1348 c69 c420 c2 c468 c232 c872 c459 c302 c1437 c1340 c619 c1141 c394 c714 c638 c1235 c1396 c1268 c76 c250 c1200 c108 c1132 c532 c103 c84 c674 c308 c1495 c1175 c234 c4 c1232 c587 c1382 c966 
MoonMaxv6
c1174 c1273 c42 c647 c601 c367 c417 c473 c1099 c906 c1058 c1294 c290 c597 c405 c1237 c189 c1463 c863 c1460 c672 c1348 c972 c138 c391 c1244 c248 c434 c356 c951 c835 c587 c575 
ChromeZv7
c1288 c677 c989 c1460 c354 c71 c1071 c1091 c1494 c742 c529 c1215 c383 c1406 c77 c984 c901 c925 c801 c1023 c494 c286 c341 c72 c745 c620 c288 c1339 c805 c1039 c908 c638 c817 c236 c399 c1342 c38 c547 c811 c726 c653 c555 c743 c935 c293 c1364 c552 c1482 c475 c453 
DreamXv8
c969 c885 c106 c587 c659 c403 c990 c372 c751 c1110 c218 c866 c931 c60 c606 c988 c700 c755 c1289 c1280 c1236 c494 c1075 c1112 c1474 c293 c528 c1118 c201 c566 c752 c1478 c1456 c895 c1494 c423 c983 c1145 c358 c998 c1018 c1006 c1113 c16 c1285 c1495 c1069 c1249 c1486 c623 
ChromeOSMaxv2
c940 c356 c295 c1103 c189 c501 c554 c1136 c290 c543 c1452 c1109 c1357 c1295 c561 c708 c136 c630 c815 c1240 c806 c550 c1149 c378 c59 c123 c36 c1091 c52 c1125 c1479 c1446 
WearOSProv5
c1045 c167 c1085 c1472 c1036 c354 c24 c1091 c488 c609 c561 c1245 c1348 c608 c213 c91 c251 c1306 c573 c1065 c266 c887 c358 
YouTubeXv1
c379 c1041 c1454 c1140 c52 c252 c1106 c761 c939 c661 c1116 c278 c1086 c1174 c283 c1364 c653 c578 c1326 c643 c427 c219 c1302 c520 c446 c220 c1355 c607 c854 c1132 c863 c614 c1133 c194 c764 c647 c1009 c429 c1036 c228 
ChatZv9
c1490 c36 c777 c1237 c1249 c1099 c341 c1088 c985 c181 c456 c421 c822 c1335 c1286 c1407 c53 c1386 c1329 c891 c1429 c192 c316 c1425 c216 c487 c935 c778 c1186 c1376 c313 c1008 c81 c1453 c259 c1231 c144 c874 c442 
ScholarZv1
c341 c1137 c114 c1074 c51 c748 c1479 c576 c1394 c226 c492 c419 c955 c1148 c276 c1499 c1445 c940 c842 c1093 c861 c448 c717 c600 c243 c827 
DrawingsUltrav1
c1413 c1436 c210 c1290 c789 c1074 c688 c739 c55 c1432 c316 c1355 c344 c748 c821 c1145 c503 c297 c811 c771 c1499 c1048 c1038 c1438 c970 
ChatLitev7
c168 c508 c863 c843 c939 c1431 c455 c1164 c905 c982 c1474 c1024 c736 c110 c1043 c1354 c663 c1071 c496 c958 c211 c35 c409 c805 c1110 c591 c1009 c276 c1476 c511 c601 c22 c545 c743 c579 c152 c1093 c159 c30 c242 c999 c1037 c739 c992 c1278 c780 c1449 c195 c399 c1470 c955 
BloggerLitev6
c1250 c1239 c948 c780 c793 c397 c6 c425 c4 c126 c1347 c1384 c888 c1459 c1012 c749 c915 c1466 c118 c1074 c250 c474 c123 c1004 c801 c997 
AndroidUltrav5
c12 c532 c787 c345 c98 c580 c1198 c1329 c914 c1220 c119 c657 c200 c381 c1170 c554 c610 c168 c1340 c944 c208 c1344 c1183 c1499 c711 c522 c891 c1178 c374 c504 
GroupsProv1
c316 c525 c101 c1069 c866 c599 c284 c226 c1224 c376 c1022 c1185 c161 c1171 c1335 c726 c752 c119 c1151 c1413 c567 c916 c667 c1150 c318 c215 c1451 c1144 c319 c765 c584 c1300 c1281 c936 c348 c705 
PatentsProv3
c1043 c912 c1269 c1429 c894 c448 c1388 c984 c820 c1160 c607 c921 c229 c1098 c293 c770 c324 c1184 c531 c1001 c234 c764 c1004 c572 c199 c183 c848 c413 c1386 c54 c876 c634 c377 c1081 c1374 c1493 c1371 c37 
SecureLitev1
c755 c1001 c816 c1015 c1365 c1123 c1436 c67 c686 c1226 c1212 c522 c847 c1356 c675 c452 c1139 c138 c625 c1194 
CastOSSv8
c204 c729 c350 c1285 c1021 c719 c773 c803 c263 c1437 c243 c1162 c1220 c169 c317 c2 c728 c1326 c188 c173 
ScholarMaxv3
c1012 c4 c18 c213 c288 c462 c1323 c909 c694 c1437 c619 c1404 c555 c206 c1332 c220 c1166 c905 c1193 c754 c142 c661 c1409 c68 c1071 c772 c668 c1107 c910 c1171 c498 c1420 c368 c1389 c643 c953 c557 c516 c1083 c1475 c45 c1485 c396 c544 c864 c1480 c82 c155 c610 c538 c169 
GlassOSUltrav7
c4 c1063 c27 c815 c1108 c618 c811 c319 c347 c1252 c59 c464 c589 c444 c1189 c896 c246 c199 c774 c144 c125 c467 c992 c854 c607 c562 c1167 c935 c847 c1087 c1260 c1215 c1199 c958 c6 c116 c582 c1477 
SitesProv2
c901 c509 c1072 c629 c963 c893 c1272 c528 c367 c206 c1243 c844 c179 c141 c1485 c1254 c820 c1459 c906 c1338 c493 c868 c385 c772 c951 c1179 c1259 c897 c349 c1436 c399 
SkyUltrav1
c1053 c226 c943 c1375 c1426 c491 c523 c1188 c960 c1067 c626 c42 c18 c1211 c318 c412 c855 c713 c838 c981 c839 c1275 c532 c727 c763 c393 
ArtsSv6
c1017 c508 c563 c1424 c1242 c603 c618 c370 c1111 c503 c859 c391 c428 c1023 c937 c1432 c1379 c1483 c735 c920 c145 c419 c1347 c797 c332 c1444 c1147 c693 c10 c62 c164 c1356 c307 c418 c1496 c728 
ReleaseUltrav2
c1182 c44 c181 c948 c286 c234 c636 c558 c683 c874 c1125 c876 c419 c392 c1357 c430 c1021 c1474 c598 c309 c925 c349 c1316 c75 c935 
LearnNextv3
c710 c609 c1105 c668 c127 c896 c318 c40 c744 c245 c1361 c54 c523 c445 c1353 c1111 c691 c250 c555 c1141 c370 c1309 c1124 c749 c316 c7 c391 c1239 c373 c1476 c747 c409 c798 c1470 
FuchsiaZv7
c979 c632 c858 c70 c22 c1424 c32 c1124 c362 c679 c791 c437 c1140 c191 c929 c807 c174 c942 c712 c301 c932 c368 c473 c1194 c640 c506 c792 c480 c810 c1467 c1285 c1103 c604 c670 c201 c196 c602 c1298 c1029 c849 c158 c955 c980 c1035 c606 c1073 c698 c883 c671 c1310 c623 c399 c1284 c1231 c76 c12 c534 
SearchUltrav1
c256 c381 c911 c566 c1300 c1075 c1201 c1425 c710 c1060 c1463 c944 c962 c193 c1414 c135 c269 c1491 c59 c702 c734 c951 c1416 
StreamNextv8
c1224 c1154 c169 c1061 c1050 c1120 c419 c138 c500 c158 c1128 c637 c619 c629 c1247 c732 c470 c1082 c911 c302 c598 c124 c164 c658 c924 c235 c401 c960 c1172 c1218 c872 c116 c234 c740 c1095 c709 c573 c1473 c1343 c656 c870 c322 c1267 c1150 c1451 c1063 
GlassOSZv2
c140 c79 c1412 c203 c503 c1263 c115 c251 c1050 c1379 c684 c871 c244 c1495 c1051 c1300 c1321 c53 c778 c903 c563 c300 c1242 c1248 
ShoppingNextv6
c477 c583 c1328 c474 c638 c1193 c1207 c1236 c124 c580 c452 c1040 c1093 c341 c931 c1074 c1446 c613 c484 c820 c576 c1286 c973 c616 c1137 
FinanceNextv3
c372 c371 c738 c1355 c991 c73 c910 c1354 c1133 c1097 c828 c1080 c1141 c841 c1307 c1233 c87 c346 c134 c905 c1241 c280 c312 c676 c970 c1190 c202 c85 c157 c1285 c1257 c621 c1308 c152 c502 c395 c544 c811 c1449 c258 c250 c260 c173 c844 c1000 
SkyNextv7
c1482 c480 c27 c390 c267 c47 c532 c1393 c167 c1067 c596 c381 c1281 c823 c122 c482 c1275 c771 c392 c624 c488 c707 c595 c1266 c413 c1181 c1367 c910 c849 c1382 c497 c470 c398 c600 c511 c1056 c284 c889 c1130 c715 c1240 
CodeNextv2
c47 c756 c372 c658 c1408 c1470 c884 c1278 c642 c880 c1266 c1261 c927 c1333 c437 c914 c843 c122 c456 c858 c966 c947 c215 c346 
DatasetSearchUltrav4
c929 c1439 c272 c552 c1096 c684 c868 c966 c688 c549 c885 c707 c155 c613 c778 c738 c834 c126 c1432 c1221 c438 c1475 c1389 c545 c1345 c911 c236 c27 c1241 c641 c279 c1034 c246 c1120 c266 c900 c414 c1391 c1446 
DataSv1
c843 c789 c1115 c216 c1082 c550 c34 c224 c1081 c430 c890 c850 c0 c119 c423 c807 c576 c1403 c1323 c783 c1112 c104 c800 c1217 c241 c309 c1400 c1405 c775 c102 c382 c445 c239 c790 c854 c759 c409 c1087 c233 c902 c765 c520 c492 c270 c1072 
DreamUltrav3
c1115 c1439 c1145 c404 c427 c861 c24 c235 c1088 c273 c992 c612 c522 c1320 c840 c731 c765 c1306 c640 c214 c1190 c1176 c713 c562 c1499 c91 c580 c15 c920 c873 c1349 c119 c139 c249 c17 c1343 c935 c128 c1189 c862 c746 c1044 c677 c608 c430 c436 c1287 c1230 c529 c131 
TranslateXv6
c1358 c269 c800 c1047 c1118 c675 c112 c1320 c603 c265 c926 c1 c758 c1295 c201 c707 c1043 c142 c1338 c676 
DuoMaxv4
c1089 c1314 c137 c1134 c1189 c312 c692 c21 c565 c704 c1114 c24 c1495 c688 c437 c263 c990 c304 c989 c86 c1315 c1415 c70 c1339 c887 c1029 c1018 c899 c1382 c1110 c243 c631 c987 c1158 c1192 c1004 c576 c483 c457 c143 
DataSv2
c965 c12 c1426 c842 c609 c1122 c855 c1170 c629 c909 c891 c997 c1344 c467 c341 c714 c1074 c1153 c179 c1027 c976 c1294 c676 c281 c1333 c1446 c592 c1121 c889 c716 c187 c790 c1317 c344 c695 c596 c1105 c1206 c1458 c1434 c52 c786 c1465 c51 c1468 c1378 c25 c42 c257 c459 c181 c1435 c1318 c861 c563 c89 
TranslateProv2
c1277 c445 c1344 c846 c369 c956 c1232 c152 c1280 c36 c19 c110 c773 c85 c491 c777 c1234 c101 c944 c166 c671 c1078 c1026 c1475 c125 c973 c105 c291 c140 c37 c387 c1216 c5 c1383 c1415 c833 c1140 c1411 c1330 
DataUltrav8
c596 c1053 c52 c1406 c105 c707 c1323 c43 c383 c51 c1461 c676 c316 c876 c1434 c200 c955 c1258 c87 c720 c515 c443 c674 c735 c1228 c1227 c1013 c170 c1489 c1362 
ShoppingUltrav1
c761 c358 c753 c96 c453 c103 c898 c97 c376 c1056 c594 c1190 c215 c875 c905 c1020 c1210 c1194 c1484 c1001 c250 c1275 c296 c827 c794 c1219 c297 c1088 c921 c545 c10 c637 c1111 c1273 c1464 c483 c537 c420 c1070 c592 c608 c1454 c1095 c1434 c69 c1197 c711 c363 c274 
SecureProv9
c172 c639 c0 c1321 c924 c673 c79 c18 c1109 c1334 c1351 c313 c1 c578 c291 c1160 c106 c535 c368 c512 c1060 
PatentsZv3
c991 c236 c1207 c556 c836 c708 c442 c654 c374 c776 c1454 c1366 c361 c935 c294 c348 c60 c428 c1294 c617 c1241 c324 c656 c905 c1042 c436 c249 c450 c419 c930 c1182 c112 c445 c75 c1129 c1397 c1150 c480 c1091 c1370 c1426 c913 c711 c1305 
ChromeLitev7
c745 c1425 c1209 c716 c1404 c666 c556 c639 c359 c1361 c703 c903 c939 c261 c725 c565 c1047 c727 c184 c43 c477 c1277 c1135 c827 c1169 c1105 c682 c295 c509 c924 c215 c424 c883 c534 c1082 c824 c231 c232 c1128 c583 c1423 c167 c1352 c1368 c828 c830 c31 c84 c877 c782 c475 c207 c95 c1214 c1440 
ResearchProv3
c458 c570 c144 c990 c900 c117 c1142 c61 c602 c1051 c1250 c421 c612 c177 c777 c618 c1232 c363 c717 c763 c453 c1378 c314 c1442 c107 c288 c528 c369 c221 c555 c391 c956 c1122 c753 c1384 c1106 c92 c1148 c503 c876 c660 c1128 c632 c459 c160 c281 c1013 c575 c774 
CalendarMaxv7
c1413 c573 c698 c61 c1391 c768 c812 c1128 c1109 c6 c1062 c1193 c424 c1237 c1359 c730 c1451 c518 c539 c723 c1340 c775 c499 c1186 c621 c1196 c1030 
StreetViewZv4
c196 c1051 c1202 c1073 c549 c423 c552 c974 c172 c1340 c1213 c551 c1032 c917 c1381 c1190 c1084 c957 c1420 c695 c358 c1106 c1383 c1188 c620 c460 c1482 c1382 c1124 c1250 c1334 c1402 c282 
VoiceUltrav2
c1427 c667 c873 c1360 c518 c277 c491 c743 c1413 c1062 c992 c640 c96 c1016 c617 c536 c1116 c517 c415 c808 c867 c250 c352 c971 c1138 c861 c1161 c25 c803 c1395 c91 c763 c1049 c324 c1125 c109 c946 c593 c702 c679 c485 c1244 c1128 c889 c433 c1008 c796 c445 c33 c777 
DatasetSearchZv7
c1444 c689 c10 c1211 c144 c464 c23 c171 c679 c364 c292 c963 c1044 c1087 c57 c899 c1136 c501 c44 c871 c797 c645 c595 c541 c1100 c529 c1278 c1066 c699 c1107 c681 c150 c1298 c612 c1168 c985 c1353 c543 c798 c687 c559 c593 c563 c5 c922 c665 c1139 c889 
BooksLitev3
c535 c739 c356 c1011 c1142 c594 c1381 c172 c139 c1092 c1154 c286 c857 c656 c1222 c799 c612 c260 c469 c1387 c322 c1399 c1216 c546 c492 c1069 c1121 c332 c127 c375 c335 c711 c1025 c878 c16 c712 c585 c1156 c1499 c703 c1159 c1275 c1336 c1269 c827 c631 
GmailZv1
c120 c1324 c760 c925 c946 c998 c1097 c62 c288 c350 c15 c1120 c296 c1490 c1013 c289 c1439 c845 c857 c759 c1332 c30 
GameMaxv5
c644 c791 c434 c1455 c880 c774 c412 c158 c735 c529 c797 c256 c827 c702 c749 c962 c1117 c1477 c1305 c338 c290 c318 c1460 c1398 c129 c1101 c1416 c1281 c895 c471 c458 c179 c347 c145 c1323 c1193 
FinanceSv2
c1388 c505 c359 c11 c858 c709 c836 c500 c651 c909 c920 c1445 c448 c180 c609 c227 c497 c870 c512 c193 c998 c985 c349 c1221 c1122 c616 c37 c704 c1493 c531 c865 c1222 c769 c1220 c1424 c1269 c330 c117 c125 c989 c26 
SearchLitev1
c1228 c281 c111 c573 c1061 c852 c821 c128 c1344 c1084 c1297 c1003 c707 c1498 c856 c801 c792 c1007 c436 c1152 c1225 c951 c164 c200 c683 c505 c876 c1142 c1000 c430 c288 c230 c587 
PhoneProv7
c220 c65 c1249 c1453 c288 c448 c371 c1232 c1056 c1465 c1374 c1248 c772 c745 c1334 c16 c113 c886 c1409 c190 c352 c1060 c162 c870 c1170 c367 c969 c1003 
VideoProv1
c906 c1228 c125 c859 c162 c956 c1355 c880 c295 c631 c272 c732 c1205 c562 c660 c1474 c1412 c801 c537 c870 c341 c737 c523 c1212 c365 c1267 c69 c299 c1411 c484 
ShoppingProv1
c1124 c1386 c141 c707 c1480 c793 c920 c1217 c850 c918 c711 c869 c104 c1476 c1439 c911 c860 c616 c1057 c1289 c1446 c277 c286 c247 c1059 c743 c1306 c727 c1369 c440 c1020 c1155 c798 c118 c609 c856 c956 c908 c1442 c1122 c415 c249 c976 c1294 c935 c1150 c1149 c753 c704 c113 c1201 c509 
GlassOSZv7
c849 c246 c483 c98 c1060 c670 c576 c70 c159 c1023 c305 c1369 c138 c1333 c649 c405 c149 c507 c859 c1462 c809 c695 c539 c1135 c369 c1499 c755 c340 c1021 c1250 
AndroidTVProv9
c833 c294 c1242 c853 c1153 c717 c1342 c759 c1118 c835 c42 c11 c274 c1264 c1229 c906 c193 c1020 c250 c482 c1390 c1443 c873 c991 c965 c1057 c979 c1347 c313 c1329 c511 c1364 c456 c1105 c1047 c1087 c121 c1322 c750 c56 c1360 c1189 c847 
DriveMaxv5
c541 c405 c412 c653 c642 c6 c874 c1198 c20 c1007 c671 c130 c965 c170 c453 c48 c1125 c1010 c1013 c793 c269 c711 c1295 c1246 
ChromeZv2
c547 c911 c621 c1014 c853 c867 c1128 c899 c940 c206 c812 c690 c794 c1045 c1179 c24 c119 c768 c1127 c1133 c178 c1310 c521 c912 c1060 c1312 c90 c1407 c260 c493 c550 c274 c811 c753 c402 c214 c1081 c610 c189 c746 c1497 c1410 c1307 c400 c1315 c877 c117 c933 c741 c145 c1496 
TravelUltrav7
c367 c477 c1375 c15 c75 c679 c1434 c755 c588 c132 c620 c811 c431 c988 c2 c851 c1146 c1437 c1017 c177 c241 c593 c467 c8 c1454 c118 c702 c763 c858 c718 c1177 c920 c494 c1063 c68 c555 c461 c720 c350 c213 c574 c578 c575 c1166 c307 c27 c1471 c1025 c905 c1347 c711 c629 c135 c896 c1444 c317 c1201 
SlidesMaxv8
c1031 c379 c466 c732 c1022 c1345 c575 c702 c820 c304 c1051 c638 c816 c129 c747 c219 c357 c462 c449 c487 c1265 c746 c375 c519 c510 c997 c664 c1337 c276 c1238 c1468 c948 c293 c696 c535 c886 c1183 c1071 c479 c903 c218 c1480 c1456 
GroupsProv2
c749 c1020 c360 c461 c335 c1327 c1128 c93 c1162 c272 c929 c263 c236 c30 c832 c873 c851 c170 c1484 c732 c490 c966 c1134 c524 c278 c657 c1352 c725 c872 c358 c522 c453 c600 c84 c166 c563 c560 c1447 c1166 c726 c469 c694 c1112 c885 c1145 c953 c972 c1258 c866 c1021 
ChartsLitev5
c934 c600 c17 c217 c579 c806 c705 c401 c752 c524 c937 c543 c245 c1115 c60 c1368 c670 c625 c842 c1253 c517 c1415 c1320 c873 c1424 c1203 c578 c230 c760 c748 c402 c566 c1032 c378 c1378 c927 c1483 c179 c646 c238 c608 c1390 c667 c1291 c614 c458 c713 c852 c1054 c1111 
GroupsUltrav2
c1159 c752 c1455 c1037 c1009 c1120 c1206 c551 c507 c1467 c991 c147 c435 c19 c526 c1200 c1329 c764 c688 c964 
ResearchLitev3
c331 c181 c1031 c78 c678 c365 c1015 c647 c988 c614 c1215 c1161 c1017 c1184 c1208 c986 c1246 c367 c552 c1335 c418 c642 c760 c341 c1499 c482 c1498 c262 c156 c328 c719 c1170 c1156 c1295 c586 c1487 
PhotoProv2
c488 c190 c1464 c1455 c761 c861 c1489 c542 c969 c629 c710 c1158 c1314 c932 c410 c144 c791 c67 c1311 c512 c538 c430 c431 c810 c1452 c882 c918 c1443 c497 
PhoneProv5
c238 c303 c461 c987 c907 c142 c117 c188 c1388 c1477 c906 c232 c209 c464 c1456 c1024 c1377 c1420 c1464 c1466 c1454 c497 c1201 c1010 c705 c1416 c1448 c421 c813 c106 c621 c945 c657 c1000 c43 c1111 c60 c1498 c1212 c666 c651 c113 c274 c972 c42 c1137 c73 c91 c1244 c1043 c996 
ImagesZv5
c1040 c12 c1221 c1200 c179 c1144 c484 c729 c818 c1033 c850 c1491 c385 c969 c1026 c570 c1465 c830 c1334 c967 c326 c620 c1058 c236 c1005 c1377 c246 c1447 c705 c735 c1322 c916 c427 c197 c186 c493 c126 c207 c1274 c783 c1399 c1259 c589 c888 c947 c787 c55 c239 c496 c208 c1251 c863 c1032 c549 c699 
FlightsNextv3
c11 c311 c176 c1459 c706 c577 c1282 c760 c885 c1186 c1039 c467 c121 c156 c102 c407 c1165 c303 c1263 c1163 c285 c439 c1471 c103 c522 c798 c420 c848 c789 c1089 c4 c689 c216 c323 c957 c1102 c954 c443 c1350 c291 c895 c784 c426 c94 c1338 c915 c1374 c1060 c104 c1107 c55 c1095 c964 
OsProv6
c1352 c341 c1376 c116 c1022 c212 c843 c100 c110 c142 c95 c131 c1386 c319 c382 c1021 c178 c776 c828 c1486 c771 c731 c612 c93 c411 c919 c188 c1129 c1222 c702 c1448 c560 c74 c866 c1363 c941 c899 c733 c1274 c1234 c432 c119 c626 c524 c1230 c495 c1133 c198 c635 c567 c1042 c1410 c1323 c961 c1420 c392 c257 
DreamUltrav9
c1267 c375 c236 c486 c832 c153 c523 c1398 c10 c1106 c1322 c308 c358 c677 c1484 c332 c516 c90 c214 c283 
VideoUltrav2
c1192 c39 c496 c1289 c1294 c804 c659 c961 c409 c923 c1024 c449 c733 c1052 c914 c273 c912 c692 c1218 c1238 c340 c1217 c1460 c618 c1454 c860 c797 c1034 c542 c932 c1366 c790 c1404 c1389 c925 c1339 c1281 c1351 c1453 c1185 c201 c704 c646 c1303 c572 c1422 c208 c1469 c581 c758 c684 c1138 
FlightsProv7
c267 c804 c475 c60 c1392 c555 c1321 c1261 c352 c179 c747 c673 c1229 c1242 c952 c1218 c135 c663 c547 c637 c1418 c933 c1014 c399 c280 c302 c30 c273 c1056 c791 c867 c557 c657 
GameSv2
c446 c1404 c597 c611 c626 c182 c177 c15 c1409 c146 c90 c1268 c1195 c648 c45 c1078 c429 c1168 c726 c198 c740 c1372 c464 c202 c584 c781 c1414 c873 c1292 c1065 c242 c375 c1049 c362 
FinanceMaxv3
c128 c9 c586 c212 c796 c341 c490 c1340 c941 c696 c1361 c951 c521 c1065 c316 c273 c1102 c936 c213 c1171 c144 c1246 
FlightsXv2
c338 c535 c1476 c1197 c1020 c1033 c1109 c1457 c1494 c229 c975 c568 c685 c796 c1320 c105 c570 c678 c381 c892 c487 c1383 c1162 c1428 c409 c316 c915 c177 c1299 c315 c664 c789 c795 c516 c1192 c108 c1158 c1066 c1194 c815 c1462 c1416 c1240 c1284 c592 c1327 c864 c910 c762 c1144 c1358 c252 c1126 c723 c1471 c773 c1038 
DuoZv7
c1379 c1035 c353 c995 c802 c685 c1473 c288 c1485 c934 c340 c245 c1495 c1270 c232 c973 c686 c824 c994 c692 c116 c1025 c435 c401 c890 c185 c237 c1417 c1265 c673 c155 
BloggerProv4
c901 c1435 c1102 c1488 c420 c1469 c193 c15 c195 c426 c528 c349 c443 c568 c1151 c238 c652 c787 c461 c946 c1321 c1333 c827 c39 c1118 c447 c457 c963 c726 c1483 c1340 c252 c106 c1476 c515 c1111 c930 c984 c948 c907 c1053 c632 c1178 c1475 c693 c1020 c938 c537 
PhotoLitev1
c1433 c731 c274 c1145 c880 c279 c1372 c986 c1230 c1308 c309 c1242 c1409 c751 c1098 c657 c753 c360 c345 c648 c1427 
FormsZv3
c148 c204 c392 c1464 c1485 c1497 c1441 c157 c677 c79 c850 c980 c266 c179 c1098 c301 c1356 c858 c1436 c1444 c238 c519 c811 c97 c873 c512 c296 c1435 c1054 c1148 
StreetViewLitev5
c1465 c1338 c462 c834 c690 c987 c1201 c668 c63 c836 c1399 c201 c753 c1174 c468 c182 c1231 c1091 c1482 c828 c862 c1333 c758 c238 c418 c163 c689 c857 c1183 c177 c168 c1152 c1434 c529 c1040 c523 c1147 c125 c112 c161 c860 c406 c1105 c826 c1077 c1099 c328 c232 c1351 c527 c172 c1039 c428 
OsXv9
c531 c463 c875 c24 c1089 c743 c187 c415 c73 c406 c653 c941 c284 c1025 c269 c310 c430 c501 c1496 c249 c389 c983 c377 c1392 c183 c1397 c1441 c494 c339 c887 c702 c723 c1075 c21 c143 c1155 c687 c663 c750 c997 c764 
ChromeUltrav3
c64 c436 c156 c938 c159 c1274 c920 c628 c1254 c338 c217 c1445 c14 c1016 c1112 c230 c1170 c265 c1227 c205 c984 
FormsNextv1
c1055 c190 c472 c544 c1394 c465 c211 c269 c381 c1461 c655 c124 c25 c416 c1079 c254 c505 c310 c666 c1121 c1022 c1437 
CultureLitev7
c402 c1230 c933 c977 c904 c865 c535 c1167 c953 c1358 c367 c970 c350 c2 c376 c490 c251 c1085 c1037 c286 c806 c228 c1155 c1314 c32 c1024 c755 
KeepLitev6
c257 c1370 c1013 c488 c394 c926 c128 c461 c74 c1149 c1168 c174 c66 c46 c342 c471 c1297 c1488 c1452 c683 c848 c1450 c659 c428 c244 c635 c1459 c215 c103 c869 c954 c1421 c13 c910 
TranslateSv8
c542 c909 c1464 c1415 c1223 c473 c208 c400 c96 c778 c674 c522 c1334 c1457 c757 c668 c1427 c190 c906 c121 c924 c642 c1424 c592 c22 c946 c1277 c1327 c572 c844 c913 c1369 c185 c381 c1294 c636 c248 c258 c944 c561 
GlassOSNextv9
c713 c1330 c287 c1051 c1312 c1466 c1231 c20 c1167 c995 c661 c807 c29 c1084 c1090 c260 c922 c395 c992 c54 c1070 c522 c1061 c912 c822 c406 c108 c643 c396 c756 c1482 c1058 c1009 c294 c368 c1445 
WearOSMaxv2
c676 c712 c597 c199 c570 c1106 c1294 c1474 c160 c75 c675 c1229 c824 c45 c1308 c1198 c241 c894 c666 c725 c73 c718 c1114 c1446 c1213 c268 c1375 c537 c370 c501 c192 c1464 c1122 c1049 c1175 c1147 c911 c1161 c1480 c1197 c1199 c397 c1047 c430 c820 c424 c1305 c302 c106 c750 c1073 c1064 c955 c969 c363 c756 c23 c1347 
DaydreamUltrav1
c979 c1169 c778 c500 c1088 c1297 c1183 c384 c1147 c38 c814 c669 c1189 c1273 c1122 c641 c322 c594 c1384 c1006 c768 c1131 c1328 c1396 c909 c1067 c515 c1047 c131 c936 c650 c1435 c245 c374 c1333 c829 c965 c441 c659 c466 c351 c920 c634 c651 c281 
FlightsUltrav5
c9 c464 c439 c916 c312 c193 c1485 c1325 c955 c294 c1154 c1354 c1305 c0 c889 c1187 c883 c40 c366 c1271 c1419 c167 c459 c1463 c933 c49 c944 c913 c834 c1487 c852 c766 c357 c1364 c1439 c780 c948 
DatabaseUltrav7
c10 c134 c1479 c1402 c1250 c453 c1276 c1104 c477 c934 c772 c1422 c1439 c288 c497 c63 c666 c585 c314 c788 c504 c1083 c1438 c200 c299 c162 c589 c832 c677 c337 c1023 c1027 c163 c1177 c1391 c170 c498 c272 c581 c947 c662 c1203 c226 c596 c1039 c22 c744 c642 c160 c1457 c766 c1462 c886 c1345 c574 c795 
AndroidTVMaxv4
c147 c978 c150 c901 c462 c756 c1028 c1333 c329 c1370 c1215 c207 c995 c181 c794 c657 c1286 c363 c1373 c1347 c1034 c1078 c471 c521 c394 c519 c129 c14 c670 c1310 c1044 c333 c124 c864 c1467 c694 c1198 c1249 c262 c862 c508 c1152 c459 c474 c697 c158 c1099 c28 c229 c763 c183 c887 c1048 c1442 c380 c1446 c219 c543 c705 
