54
SantaTrackerProv9
PrzemekV 
ClassroomXv9
LarryG StepanK 
ChromeLitev4
LarryU MichalY PrabhakarA 
ScholarXv6
SundarD NellyT PrabhakarC BakhodirR RuthB SundarA RuthF JenL TatiyanaH BakhodirG TatiyanaR TatiyanaP 
StreetViewXv9
ThomasN StefanX MaxH ThomasU NellyI 
CurrentsProv2
StepanJ 
KeepXv1
PrabhakarA 
NewsXv5
SergeyF PrzemekH 
PatentsMaxv2
MatasI PetarD MichalW MatasZ HiroshiE RuthJ RuthV BakhodirG BenjaminK LarryC 
TravelProv6
PhilippJ 
StreetViewXv2
RuthW PrzemekF HiroshiS 
DocsUltrav2
BakhodirB NellyM ClementA NellyW LarryL PrabhakarM RuthL SergeyD 
GroupsZv8
BakhodirL PetarI StefanD MichalV ThomasE 
DatasetSearchLitev6
PrzemekP MaxA LarryU ClementJ StefanD SundarI PhilippK PetarN HiroshiM 
AndroidTVLitev7
StepanJ SergeyT JenE TatiyanaZ PhilippM NellyM StefanL TatiyanaY StefanA 
StreetViewMaxv8
PetarA 
CollectionsProv5
HiroshiT SundarD MaxU 
CurrentsXv1
MaxP 
DaydreamMaxv4
ThomasQ 
SearchUltrav8
HiroshiV PhilippI SundarJ 
TravelUltrav3
LarryI JenE 
MoonXv3
MaxR PetarM 
LoggingXv4
SergeyJ BakhodirF PrzemekW 
NewsMaxv1
PetarG 
CalendarLitev5
ThomasN StepanH PrabhakarB BenjaminI 
SheetsZv4
MaxO SergeyR 
ScholarZv1
NellyR MichalQ PrzemekP LarryU 
PixelProv1
NellyX 
ChatLitev6
MaxD PrzemekX NellyD ClementI HiroshiN StefanH BenjaminK PrabhakarB PetarJ ThomasF StepanK LarryC 
LearnProv8
JenI 
FinanceXv5
ClementV 
CollectionsUltrav9
NellyT SundarA 
BloggerProv9
ThomasE 
DataSv9
PrzemekG RuthF MichalE MaxA PrabhakarA SundarX MaxL TatiyanaG RuthD FionaB 
CastOSSv6
SergeyB HiroshiI JenJ 
FinanceMaxv7
LarryN StepanU HiroshiL ThomasT BenjaminP 
FeedBurnerLitev8
StefanN BenjaminL ThomasV 
MoonUltrav4
LarryN 
SkyProv4
JenG ThomasQ 
CodeZv4
SusanR BenjaminR 
MapsNextv5
SusanS FionaZ 
SkyZv5
SundarM 
ClassroomSv2
MatasA 
ConnectXv3
StefanG 
VoiceZv6
HiroshiQ SundarJ 
KeepNextv4
PrabhakarN 
FuchsiaProv7
BenjaminJ ClementI BakhodirQ 
ChartsMaxv5
HiroshiR SundarW MichalY SusanK PetarO 
ReleaseLitev7
PetarI SergeyW FionaV MaxO 
AndroidAutoZv1
PetarV SundarJ 
AssistantMaxv9
ThomasQ 
CurrentsProv7
SusanT 
FormsUltrav3
ThomasL MatasF ThomasW PetarD StepanG PetarN TatiyanaA StepanO 
BuildProv1
TatiyanaT 
